<?xml version="1.0" encoding="UTF-8"?>
<testsuite name="PracticeFormTest" tests="1" skipped="0" failures="0" errors="0" timestamp="2025-07-26T10:43:11" hostname="DESKTOP-NL1CVV8" time="4.588">
  <properties/>
  <testcase name="successfulRegistrationTest()" classname="PracticeFormTest" time="4.588"/>
  <system-out><![CDATA[]]></system-out>
  <system-err><![CDATA[[Test worker] INFO com.codeborne.selenide.WebDriverThreadLocalContainer - No webdriver is bound to current thread: 1 - let's create a new webdriver
июл. 26, 2025 3:43:12 PM org.openqa.selenium.devtools.CdpVersionFinder findNearestMatch
WARNING: Unable to find an exact match for CDP version 138, returning the closest version; found: 136; Please update to a Selenium version that supports CDP version 138
[Test worker] INFO com.codeborne.selenide.webdriver.WebDriverFactory - Selenide 7.9.2 / Selenium 4.32.0 / chrome 138.0.7204.168 windows
]]></system-err>
</testsuite>
