<?xml version="1.0" encoding="UTF-8"?>
<testsuite name="tests.PracticeFormTest" tests="1" skipped="0" failures="0" errors="0" timestamp="2025-08-08T14:05:35" hostname="DESKTOP-NL1CVV8" time="4.412">
  <properties/>
  <testcase name="successfulRegistrationTest()" classname="tests.PracticeFormTest" time="4.412"/>
  <system-out><![CDATA[]]></system-out>
  <system-err><![CDATA[[Test worker] INFO com.codeborne.selenide.WebDriverThreadLocalContainer - No webdriver is bound to current thread: 1 - let's create a new webdriver
авг. 08, 2025 7:05:36 PM org.openqa.selenium.devtools.CdpVersionFinder findNearestMatch
WARNING: Unable to find an exact match for CDP version 139, returning the closest version; found: 136; Please update to a Selenium version that supports CDP version 139
[Test worker] INFO com.codeborne.selenide.webdriver.WebDriverFactory - Selenide 7.9.2 / Selenium 4.32.0 / chrome 139.0.7258.66 windows
]]></system-err>
</testsuite>
